Vivado Simulator v2024.1
Copyright 1986-2022 Xilinx, Inc. All Rights Reserved.
Copyright 2022-2024 Advanced Micro Devices, Inc. All Rights Reserved.
Running: /home/jay/Repos/AMD/Vivado/2024.1/bin/unwrapped/lnx64.o/xelab --incr --debug typical --relax --mt 8 -L xil_defaultlib -L uvm -L unisims_ver -L unimacro_ver -L secureip --snapshot tb_Single_Cycle_behav xil_defaultlib.tb_Single_Cycle xil_defaultlib.glbl -log elaborate.log 
Using 8 slave threads.
Starting static elaboration
Pass Through NonSizing Optimizer
WARNING: [VRFC 10-9543] actual bit length 32 differs from formal bit length 1 for port 'cin' [/home/jay/SJSU_EE_Masters/Classes/EE-275-Advanced-Computer-Arch/RISC/RISC.srcs/sources_1/new/PC_Plus_4.sv:13]
WARNING: [VRFC 10-9543] actual bit length 32 differs from formal bit length 1 for port 'cin' [/home/jay/SJSU_EE_Masters/Classes/EE-275-Advanced-Computer-Arch/RISC/RISC.srcs/sources_1/new/ALU.sv:46]
WARNING: [VRFC 10-9543] actual bit length 2 differs from formal bit length 32 for port 'ResultSrc' [/home/jay/SJSU_EE_Masters/Classes/EE-275-Advanced-Computer-Arch/RISC/RISC.srcs/sources_1/new/Core_Datapath.v:81]
WARNING: [VRFC 10-3823] variable 'Overflow' might have multiple concurrent drivers [/home/jay/SJSU_EE_Masters/Classes/EE-275-Advanced-Computer-Arch/RISC/RISC.srcs/sources_1/new/ALU.sv:120]
Completed static elaboration
Starting simulation data flow analysis
Completed simulation data flow analysis
Time Resolution for simulation is 1ps
Compiling module xil_defaultlib.Main_Decoder
Compiling module xil_defaultlib.ALU_Decoder
Compiling module xil_defaultlib.Control_Unit
Compiling module xil_defaultlib.PC
Compiling module xil_defaultlib.One_Bit_Adder
Compiling module xil_defaultlib.N_bit_Adder_default
Compiling module xil_defaultlib.PC_Plus_4
Compiling module xil_defaultlib.PC_Target
Compiling module xil_defaultlib.PC_Mux
Compiling module xil_defaultlib.Register_File
Compiling module xil_defaultlib.Extend
Compiling module xil_defaultlib.ALU_Mux
Compiling module xil_defaultlib.N_bit_logical_operators
Compiling module xil_defaultlib.N_bit_comparator
Compiling module xil_defaultlib.ALU
Compiling module xil_defaultlib.Result_Mux
Compiling module xil_defaultlib.Core_Datapath
Compiling module xil_defaultlib.Single_Cycle_Core
Compiling module xil_defaultlib.Instruction_Memory
Compiling module xil_defaultlib.Data_Memory
Compiling module xil_defaultlib.Single_Cycle_Top
Compiling module xil_defaultlib.tb_Single_Cycle
Compiling module xil_defaultlib.glbl
Built simulation snapshot tb_Single_Cycle_behav
